2023-12-27T12:28:19.071Z [petshop-api] info : Servidor rodando na porta 3000
2023-12-27T12:28:46.306Z [petshop-api] info : Servidor rodando na porta 3000
2023-12-27T12:31:00.687Z [petshop-api] info : Servidor rodando na porta 3000
2023-12-27T12:31:17.152Z [petshop-api] info : Servidor rodando na porta 3000
2023-12-27T12:31:49.818Z [petshop-api] info : Servidor rodando na porta 3000
2023-12-27T12:32:03.854Z [petshop-api] info : Servidor rodando na porta 3000
2023-12-27T12:32:19.838Z [petshop-api] info : Servidor rodando na porta 3000
2023-12-27T12:34:36.521Z [petshop-api] info : Servidor rodando na porta 3000
2023-12-27T12:34:42.460Z [petshop-api] info : Servidor rodando na porta 3000
2023-12-27T12:35:44.804Z [petshop-api] info : Servidor rodando na porta 3000
2023-12-27T12:36:19.447Z [petshop-api] info : Servidor rodando na porta 3000
2023-12-27T12:36:47.403Z [petshop-api] info : Servidor rodando na porta 3000
2023-12-27T12:37:18.847Z [petshop-api] info : Servidor rodando na porta 3000
2023-12-27T12:41:25.121Z [petshop-api] info : Servidor rodando na porta 3000
2023-12-27T12:41:54.778Z [petshop-api] info : Servidor rodando na porta 3000
2023-12-27T12:42:02.881Z [petshop-api] info : Servidor rodando na porta 3000
2023-12-27T12:43:08.949Z [petshop-api] error : POST  - O preenchimento dos campos de nome e telefone é obrigatório.
2023-12-27T12:47:45.805Z [petshop-api] info : Servidor rodando na porta 3000
2023-12-27T12:49:09.128Z [petshop-api] info : Servidor rodando na porta 3000
2023-12-27T12:51:00.085Z [petshop-api] info : Servidor rodando na porta 3000
2023-12-27T12:51:04.495Z [petshop-api] info : Servidor rodando na porta 3000
2023-12-27T12:52:11.636Z [petshop-api] info : Servidor rodando na porta 3000
2023-12-27T12:53:56.503Z [petshop-api] info : Servidor rodando na porta 3000
2023-12-27T12:54:24.437Z [petshop-api] info : Servidor rodando na porta 3000
2023-12-27T12:57:40.698Z [petshop-api] info : Servidor rodando na porta 3000
2023-12-27T12:59:10.672Z [petshop-api] info : POST /proprietario - {"proprietario_id":1,"nome":"Alda Valentim","telefone":"(39) 98566-1222"}
2023-12-27T13:00:18.314Z [petshop-api] info : GET /proprietario
2023-12-27T13:00:42.525Z [petshop-api] info : GET /proprietario/:id
2023-12-27T13:01:16.701Z [petshop-api] info : POST /proprietario - {"proprietario_id":2,"nome":"Nicolas Avelar","telefone":"(28) 97432-0379"}
2023-12-27T13:02:02.230Z [petshop-api] info : POST /proprietario - {"proprietario_id":3,"nome":"Emilly Baptista","telefone":"(31) 99545-2457"}
2023-12-27T13:02:30.897Z [petshop-api] info : POST /proprietario - {"proprietario_id":4,"nome":"Beatriz Bonilha","telefone":"(35) 98054-4724"}
2023-12-27T13:03:15.224Z [petshop-api] info : POST /proprietario - {"proprietario_id":5,"nome":"Nataniel Faleiro","telefone":"(33) 99594-3315"}
2023-12-27T13:03:46.924Z [petshop-api] info : POST /proprietario - {"proprietario_id":6,"nome":"Richard Santos","telefone":"(27) 99597-9170"}
2023-12-27T13:04:08.488Z [petshop-api] info : GET /proprietario
2023-12-27T13:04:56.765Z [petshop-api] info : GET /proprietario
2023-12-27T13:08:07.282Z [petshop-api] info : Servidor rodando na porta 3000
2023-12-27T13:08:22.317Z [petshop-api] info : Servidor rodando na porta 3000
2023-12-27T13:08:31.190Z [petshop-api] info : Servidor rodando na porta 3000
2023-12-27T13:08:42.370Z [petshop-api] info : Servidor rodando na porta 3000
2023-12-27T13:12:52.895Z [petshop-api] info : Servidor rodando na porta 3000
2023-12-27T13:13:13.948Z [petshop-api] info : Servidor rodando na porta 3000
2023-12-27T13:13:32.468Z [petshop-api] info : Servidor rodando na porta 3000
2023-12-27T13:34:16.175Z [petshop-api] info : Servidor rodando na porta 3000
2023-12-27T13:35:37.137Z [petshop-api] info : Servidor rodando na porta 3000
2023-12-27T13:36:50.848Z [petshop-api] info : Servidor rodando na porta 3000
2023-12-27T13:38:37.926Z [petshop-api] info : Servidor rodando na porta 3000
2023-12-27T13:43:05.882Z [petshop-api] info : Servidor rodando na porta 3000
2023-12-27T13:45:17.092Z [petshop-api] info : Servidor rodando na porta 3000
2023-12-27T13:47:14.376Z [petshop-api] info : POST /animal - {"animal_id":1,"nome":"Billy","tipo":"Cachorro","proprietario_id":1}
2023-12-27T13:48:16.871Z [petshop-api] info : POST /animal - {"animal_id":2,"nome":"Nala","tipo":"Cachorro","proprietario_id":2}
2023-12-27T13:48:46.498Z [petshop-api] info : POST /animal - {"animal_id":3,"nome":"Mimi","tipo":"Gato","proprietario_id":2}
2023-12-27T13:49:40.602Z [petshop-api] info : POST /animal - {"animal_id":4,"nome":"Dory","tipo":"Cachorro","proprietario_id":3}
2023-12-27T13:50:18.933Z [petshop-api] info : POST /animal - {"animal_id":5,"nome":"Lulu","tipo":"Cachorro","proprietario_id":4}
2023-12-27T13:50:46.569Z [petshop-api] info : POST /animal - {"animal_id":6,"nome":"Bob","tipo":"Cachorro","proprietario_id":5}
2023-12-27T13:51:20.687Z [petshop-api] info : POST /animal - {"animal_id":7,"nome":"Milu","tipo":"Cachorro","proprietario_id":5}
2023-12-27T13:51:49.601Z [petshop-api] info : POST /animal - {"animal_id":8,"nome":"Emmy","tipo":"Gato","proprietario_id":5}
2023-12-27T13:52:21.357Z [petshop-api] info : POST /animal - {"animal_id":9,"nome":"Amora","tipo":"Cachorro","proprietario_id":6}
2023-12-27T13:54:06.019Z [petshop-api] info : GET /animal
2023-12-27T13:55:57.242Z [petshop-api] info : Servidor rodando na porta 3000
2023-12-27T13:56:10.704Z [petshop-api] info : Servidor rodando na porta 3000
2023-12-27T14:00:05.024Z [petshop-api] info : Servidor rodando na porta 3000
2023-12-27T14:00:32.013Z [petshop-api] info : GET /animal/:id
2023-12-27T14:01:12.321Z [petshop-api] info : GET /animal
2023-12-27T14:01:37.910Z [petshop-api] info : GET /animal
2023-12-27T14:02:48.469Z [petshop-api] info : Servidor rodando na porta 3000
2023-12-27T14:03:17.917Z [petshop-api] info : GET /animal
2023-12-27T14:03:30.454Z [petshop-api] info : GET /animal
2023-12-27T14:05:38.617Z [petshop-api] info : Servidor rodando na porta 3000
2023-12-27T14:09:00.067Z [petshop-api] info : Servidor rodando na porta 3000
2023-12-27T14:09:08.394Z [petshop-api] info : Servidor rodando na porta 3000
2023-12-27T14:10:55.913Z [petshop-api] info : Servidor rodando na porta 3000
2023-12-27T14:11:17.782Z [petshop-api] error : GET  - request is not defined
2023-12-27T14:11:42.003Z [petshop-api] info : Servidor rodando na porta 3000
2023-12-27T14:11:46.938Z [petshop-api] info : GET /animal
2023-12-27T14:12:06.186Z [petshop-api] info : GET /animal
2023-12-27T14:12:52.092Z [petshop-api] info : POST /animal - {"animal_id":10,"nome":"Totó","tipo":"Cachorro","proprietario_id":6}
2023-12-27T14:13:18.182Z [petshop-api] info : GET /animal
2023-12-27T14:13:45.774Z [petshop-api] info : GET /animal
2023-12-27T14:14:16.610Z [petshop-api] info : GET /animal/:id
2023-12-27T14:14:28.197Z [petshop-api] info : GET /proprietario/:id
2023-12-27T14:14:59.542Z [petshop-api] info : GET /animal/:id
2023-12-27T14:15:08.205Z [petshop-api] info : GET /proprietario/:id
2023-12-27T14:17:03.279Z [petshop-api] info : Servidor rodando na porta 3000
2023-12-27T14:18:02.022Z [petshop-api] info : Servidor rodando na porta 3000
2023-12-27T14:19:30.616Z [petshop-api] info : Servidor rodando na porta 3000
2023-12-27T14:21:46.805Z [petshop-api] info : Servidor rodando na porta 3000
2023-12-27T14:39:48.115Z [petshop-api] info : Servidor rodando na porta 3000
2023-12-27T14:40:42.437Z [petshop-api] info : Servidor rodando na porta 3000
2023-12-27T14:42:20.706Z [petshop-api] info : GET /animal/:id
2023-12-27T14:42:47.062Z [petshop-api] info : GET /animal
2023-12-27T14:43:35.473Z [petshop-api] info : DELETE /animal/:id - 1
2023-12-27T14:43:40.698Z [petshop-api] info : GET /animal
2023-12-27T18:48:06.708Z [petshop-api] info : Servidor rodando na porta 3000
2023-12-27T18:48:22.114Z [petshop-api] info : GET /proprietario
2023-12-27T18:49:31.088Z [petshop-api] info : Servidor rodando na porta 3000
2023-12-27T18:52:05.317Z [petshop-api] info : GET /proprietario/:id
2023-12-27T18:52:52.338Z [petshop-api] info : PUT /proprietario - {"proprietarioId":1,"nome":"Alda Valentim","telefone":"(39) 98566-1222"}
2023-12-27T18:53:04.215Z [petshop-api] info : GET /proprietario
2023-12-27T18:55:39.878Z [petshop-api] info : Servidor rodando na porta 3000
2023-12-27T18:57:49.444Z [petshop-api] info : Servidor rodando na porta 3000
2023-12-28T11:56:54.912Z [petshop-api] info : Servidor rodando na porta 3000
2023-12-28T11:57:04.324Z [petshop-api] info : GET /proprietario
2023-12-28T11:57:15.711Z [petshop-api] info : GET /proprietario/:id
2023-12-28T11:57:37.520Z [petshop-api] error : GET  - connect is not a function
2023-12-28T12:00:54.257Z [petshop-api] info : Servidor rodando na porta 3000
2023-12-28T12:01:42.216Z [petshop-api] info : Servidor rodando na porta 3000
2023-12-28T12:09:02.496Z [petshop-api] info : Servidor rodando na porta 3000
2023-12-28T12:09:08.526Z [petshop-api] info : GET /animal
2023-12-28T12:19:37.073Z [petshop-api] info : Servidor rodando na porta 3000
2023-12-28T12:19:56.512Z [petshop-api] info : Servidor rodando na porta 3000
2023-12-28T12:23:12.072Z [petshop-api] info : Servidor rodando na porta 3000
2023-12-28T12:36:03.357Z [petshop-api] info : Servidor rodando na porta 3000
2023-12-28T12:37:01.579Z [petshop-api] info : Servidor rodando na porta 3000
2023-12-28T12:38:49.557Z [petshop-api] info : Servidor rodando na porta 3000
2023-12-28T12:38:57.588Z [petshop-api] info : GET /animal
2023-12-28T12:39:14.887Z [petshop-api] info : GET /animal
2023-12-28T12:43:28.847Z [petshop-api] info : Servidor rodando na porta 3000
2023-12-28T12:44:15.955Z [petshop-api] info : Servidor rodando na porta 3000
2023-12-28T12:44:29.291Z [petshop-api] info : GET /animal
2023-12-28T12:51:25.659Z [petshop-api] info : Servidor rodando na porta 3000
2023-12-28T12:51:35.227Z [petshop-api] info : GET /animal
2023-12-28T12:52:57.147Z [petshop-api] info : Servidor rodando na porta 3000
2023-12-28T12:53:05.542Z [petshop-api] info : GET /animal
2023-12-28T12:54:59.375Z [petshop-api] info : Servidor rodando na porta 3000
2023-12-28T12:56:33.964Z [petshop-api] info : Servidor rodando na porta 3000
2023-12-28T12:56:43.577Z [petshop-api] info : GET /animal
2023-12-28T12:59:58.169Z [petshop-api] info : GET /animal/:id
2023-12-28T13:00:23.561Z [petshop-api] info : GET /animal/:id
2023-12-28T13:00:40.738Z [petshop-api] info : Servidor rodando na porta 3000
2023-12-28T13:01:00.966Z [petshop-api] info : GET /animal
2023-12-28T13:01:18.645Z [petshop-api] info : Servidor rodando na porta 3000
2023-12-28T13:01:26.470Z [petshop-api] info : GET /animal
2023-12-28T13:01:52.150Z [petshop-api] info : Servidor rodando na porta 3000
2023-12-28T13:02:33.714Z [petshop-api] info : Servidor rodando na porta 3000
2023-12-28T13:02:48.640Z [petshop-api] info : GET /animal
2023-12-28T13:05:04.587Z [petshop-api] info : Servidor rodando na porta 3000
2023-12-28T13:06:28.009Z [petshop-api] info : Servidor rodando na porta 3000
2023-12-28T13:06:33.980Z [petshop-api] info : GET /animal/:id
2023-12-28T13:07:25.071Z [petshop-api] info : Servidor rodando na porta 3000
2023-12-28T13:07:38.126Z [petshop-api] info : GET /animal
2023-12-28T13:08:02.100Z [petshop-api] info : Servidor rodando na porta 3000
2023-12-28T13:10:45.886Z [petshop-api] info : GET /animal
2023-12-28T13:11:38.278Z [petshop-api] info : Servidor rodando na porta 3000
2023-12-28T13:11:56.319Z [petshop-api] info : GET /animal
2023-12-28T13:12:54.907Z [petshop-api] info : Servidor rodando na porta 3000
2023-12-28T13:12:59.993Z [petshop-api] info : GET /animal
2023-12-28T13:14:36.090Z [petshop-api] info : GET /animal
2023-12-28T13:33:05.133Z [petshop-api] info : Servidor rodando na porta 3000
2023-12-28T13:33:10.840Z [petshop-api] info : Servidor rodando na porta 3000
2023-12-28T13:34:00.645Z [petshop-api] info : Servidor rodando na porta 3000
2023-12-28T14:01:04.082Z [petshop-api] info : Servidor rodando na porta 3000
2023-12-28T14:01:39.844Z [petshop-api] info : Servidor rodando na porta 3000
2023-12-28T14:02:40.103Z [petshop-api] info : Servidor rodando na porta 3000
2023-12-28T14:03:42.318Z [petshop-api] info : Servidor rodando na porta 3000
2023-12-28T14:03:55.343Z [petshop-api] info : Servidor rodando na porta 3000
2023-12-28T14:06:29.120Z [petshop-api] info : Servidor rodando na porta 3000
2023-12-28T14:07:42.198Z [petshop-api] info : Servidor rodando na porta 3000
2023-12-28T14:14:40.965Z [petshop-api] info : GET /animal
2023-12-28T14:15:35.244Z [petshop-api] info : Servidor rodando na porta 3000
2023-12-28T14:23:16.825Z [petshop-api] info : Servidor rodando na porta 3000
2023-12-28T14:24:15.469Z [petshop-api] info : Servidor rodando na porta 3000
2023-12-28T14:25:05.857Z [petshop-api] info : Servidor rodando na porta 3000
2023-12-28T14:28:19.157Z [petshop-api] info : Servidor rodando na porta 3000
2023-12-28T14:28:29.574Z [petshop-api] info : Servidor rodando na porta 3000
2023-12-28T14:29:32.784Z [petshop-api] info : Servidor rodando na porta 3000
2023-12-28T14:39:35.259Z [petshop-api] info : Servidor rodando na porta 3000
2023-12-28T14:42:27.799Z [petshop-api] info : Servidor rodando na porta 3000
2023-12-28T14:43:14.878Z [petshop-api] info : Servidor rodando na porta 3000
2023-12-28T14:44:02.027Z [petshop-api] info : Servidor rodando na porta 3000
2023-12-28T14:46:27.383Z [petshop-api] info : Servidor rodando na porta 3000
2023-12-28T14:47:23.860Z [petshop-api] info : Servidor rodando na porta 3000
2023-12-28T14:49:10.152Z [petshop-api] info : Servidor rodando na porta 3000
2023-12-28T14:49:27.563Z [petshop-api] info : Servidor rodando na porta 3000
2023-12-28T14:50:54.982Z [petshop-api] info : Servidor rodando na porta 3000
2023-12-28T14:51:46.414Z [petshop-api] info : Servidor rodando na porta 3000
2023-12-28T14:52:31.792Z [petshop-api] info : Servidor rodando na porta 3000
2023-12-28T14:53:33.362Z [petshop-api] info : Servidor rodando na porta 3000
2023-12-28T14:54:02.752Z [petshop-api] info : Servidor rodando na porta 3000
2023-12-28T14:55:07.408Z [petshop-api] info : Servidor rodando na porta 3000
2023-12-28T14:56:00.998Z [petshop-api] info : Servidor rodando na porta 3000
2023-12-28T14:56:38.835Z [petshop-api] info : Servidor rodando na porta 3000
2023-12-28T14:56:52.955Z [petshop-api] info : Servidor rodando na porta 3000
2023-12-28T14:58:09.107Z [petshop-api] info : Servidor rodando na porta 3000
2023-12-28T14:58:26.270Z [petshop-api] info : Servidor rodando na porta 3000
2023-12-28T14:59:12.758Z [petshop-api] info : Servidor rodando na porta 3000
2023-12-28T14:59:41.853Z [petshop-api] info : Servidor rodando na porta 3000
2023-12-28T15:00:46.951Z [petshop-api] info : Servidor rodando na porta 3000
2023-12-28T15:02:07.675Z [petshop-api] info : Servidor rodando na porta 3000
2023-12-28T15:02:12.653Z [petshop-api] error : POST  - O preenchimento dos campos de descrição, valor e id do animal é obrigatório.
2023-12-28T15:05:57.867Z [petshop-api] error : POST  - O preenchimento dos campos de descrição, valor e id do animal é obrigatório.
2023-12-28T16:40:39.696Z [petshop-api] info : Servidor rodando na porta 3000
2023-12-28T16:42:16.013Z [petshop-api] info : Servidor rodando na porta 3000
2023-12-28T16:42:44.610Z [petshop-api] info : Servidor rodando na porta 3000
2023-12-28T16:43:49.811Z [petshop-api] info : Servidor rodando na porta 3000
2023-12-28T16:43:56.279Z [petshop-api] error : POST  - O preenchimento dos campos de descrição, valor e id do animal é obrigatório.
2023-12-28T16:45:35.948Z [petshop-api] info : Servidor rodando na porta 3000
2023-12-28T16:46:53.222Z [petshop-api] error : POST  - O preenchimento dos campos de descrição, valor e id do animal é obrigatório.
2023-12-28T16:49:31.492Z [petshop-api] info : Servidor rodando na porta 3000
2023-12-28T16:52:10.372Z [petshop-api] info : Servidor rodando na porta 3000
2023-12-28T16:52:32.148Z [petshop-api] error : POST  - O preenchimento dos campos de descrição, valor e id do animal é obrigatório.
2023-12-28T16:55:01.359Z [petshop-api] info : Servidor rodando na porta 3000
2023-12-28T16:55:09.928Z [petshop-api] info : Servidor rodando na porta 3000
2023-12-28T16:55:17.973Z [petshop-api] error : POST  - O preenchimento dos campos de descrição, valor e id do animal é obrigatório.
2023-12-28T16:56:01.315Z [petshop-api] info : Servidor rodando na porta 3000
2023-12-28T16:56:19.413Z [petshop-api] error : POST  - O preenchimento dos campos de descrição, valor e id do animal é obrigatório.
2023-12-28T16:57:05.019Z [petshop-api] error : POST  - next is not defined
2023-12-28T16:57:38.183Z [petshop-api] info : Servidor rodando na porta 3000
2023-12-28T16:58:02.950Z [petshop-api] error : POST  - O preenchimento dos campos de descrição, valor e id do animal é obrigatório.
2023-12-28T16:58:25.009Z [petshop-api] error : POST  - next is not defined
2023-12-28T16:58:42.877Z [petshop-api] error : POST  - O preenchimento dos campos de descrição, valor e id do animal é obrigatório.
2023-12-28T17:00:14.610Z [petshop-api] info : Servidor rodando na porta 3000
2023-12-28T17:00:18.215Z [petshop-api] error : POST  - O preenchimento dos campos de descrição, valor e id do animal é obrigatório.
2023-12-28T17:01:26.997Z [petshop-api] info : Servidor rodando na porta 3000
2023-12-28T17:01:31.500Z [petshop-api] error : POST  - O preenchimento dos campos de descrição, valor e id do animal é obrigatório.
2023-12-28T17:01:44.476Z [petshop-api] error : POST  - insert or update on table "servicos" violates foreign key constraint "fk_animais"
2023-12-28T17:05:34.983Z [petshop-api] info : Servidor rodando na porta 3000
2023-12-28T17:05:43.193Z [petshop-api] error : POST  - O id do animal informado não existe
2023-12-28T17:05:56.449Z [petshop-api] error : POST  - O preenchimento dos campos de descrição, valor e id do animal é obrigatório.
2023-12-28T17:11:11.875Z [petshop-api] info : Servidor rodando na porta 3000
2023-12-28T17:11:18.322Z [petshop-api] error : POST  - O preenchimento dos campos de descrição, valor e id do animal é obrigatório.
2023-12-28T17:14:59.491Z [petshop-api] error : POST  - O preenchimento dos campos de descrição, valor e id do animal é obrigatório.
2023-12-28T17:21:10.564Z [petshop-api] info : Servidor rodando na porta 3000
2023-12-28T17:21:13.544Z [petshop-api] error : POST  - O preenchimento dos campos de descrição, valor e id do animal é obrigatório.
2023-12-28T17:21:53.498Z [petshop-api] error : POST  - O id do animal informado não existe
2023-12-28T17:23:02.240Z [petshop-api] info : GET /animal
2023-12-28T17:23:46.268Z [petshop-api] error : POST  - O preenchimento dos campos de nome, tipo e id do proprietário é obrigatório.
2023-12-28T17:24:10.560Z [petshop-api] error : POST  - nome is not defined
2023-12-28T17:25:15.876Z [petshop-api] info : Servidor rodando na porta 3000
2023-12-28T17:25:26.260Z [petshop-api] error : POST  - nome is not defined
2023-12-31T13:09:29.904Z [petshop-api] info : Servidor rodando na porta 3000
